TN:
SF:src\services\burger-constructor\burgerConstructorSlice.ts
FN:19,reducer
FN:22,prepare
FN:25,reducer
FN:28,prepare
FN:37,removeIngridient
FN:42,moveIngredient
FN:50,clearConstructorItems
FN:56,getState
FN:57,getPrice
FN:63,getBun
FNF:10
FNH:4
FNDA:0,reducer
FNDA:0,prepare
FNDA:1,reducer
FNDA:1,prepare
FNDA:1,removeIngridient
FNDA:1,moveIngredient
FNDA:0,clearConstructorItems
FNDA:0,getState
FNDA:0,getPrice
FNDA:0,getBun
DA:1,1
DA:2,1
DA:3,1
DA:4,1
DA:5,1
DA:6,1
DA:7,1
DA:8,1
DA:9,1
DA:10,1
DA:11,1
DA:12,1
DA:13,1
DA:14,1
DA:15,1
DA:16,1
DA:17,1
DA:18,1
DA:19,1
DA:20,0
DA:21,1
DA:22,1
DA:23,1
DA:24,1
DA:25,1
DA:26,1
DA:27,1
DA:28,1
DA:29,1
DA:30,1
DA:31,1
DA:32,1
DA:33,1
DA:34,1
DA:35,1
DA:36,1
DA:37,1
DA:38,1
DA:39,1
DA:40,1
DA:41,1
DA:42,1
DA:43,1
DA:44,1
DA:45,1
DA:46,1
DA:47,1
DA:48,1
DA:49,1
DA:50,1
DA:51,0
DA:52,0
DA:53,0
DA:54,1
DA:55,1
DA:56,1
DA:57,1
DA:58,1
DA:59,1
DA:60,1
DA:61,1
DA:62,1
DA:63,1
DA:64,1
DA:65,1
DA:66,1
DA:67,1
DA:68,1
DA:69,1
DA:70,1
DA:71,1
DA:72,1
DA:73,1
DA:74,1
DA:75,1
DA:76,1
LF:76
LH:72
BRDA:25,0,0,1
BRDA:28,1,0,1
BRDA:29,2,0,1
BRDA:37,3,0,1
BRDA:39,4,0,3
BRDA:42,5,0,1
BRF:6
BRH:6
end_of_record
